{"/Users/student/Downloads/HW8 2/references/passwordjs template/src/makepassword.js": {"path":"/Users/student/Downloads/HW8 2/references/passwordjs template/src/makepassword.js","statementMap":{"0":{"start":{"line":2,"column":11},"end":{"line":2,"column":24}},"1":{"start":{"line":3,"column":36},"end":{"line":3,"column":56}},"2":{"start":{"line":4,"column":21},"end":{"line":4,"column":38}},"3":{"start":{"line":7,"column":17},"end":{"line":7,"column":43}},"4":{"start":{"line":10,"column":8},"end":{"line":15,"column":9}},"5":{"start":{"line":11,"column":12},"end":{"line":11,"column":68}},"6":{"start":{"line":14,"column":12},"end":{"line":14,"column":23}},"7":{"start":{"line":17,"column":17},"end":{"line":17,"column":19}},"8":{"start":{"line":18,"column":15},"end":{"line":18,"column":17}},"9":{"start":{"line":19,"column":8},"end":{"line":23,"column":9}},"10":{"start":{"line":19,"column":21},"end":{"line":19,"column":22}},"11":{"start":{"line":20,"column":22},"end":{"line":20,"column":40}},"12":{"start":{"line":21,"column":12},"end":{"line":21,"column":29}},"13":{"start":{"line":22,"column":12},"end":{"line":22,"column":31}},"14":{"start":{"line":24,"column":16},"end":{"line":24,"column":17}},"15":{"start":{"line":25,"column":8},"end":{"line":28,"column":9}},"16":{"start":{"line":26,"column":12},"end":{"line":26,"column":39}},"17":{"start":{"line":27,"column":12},"end":{"line":27,"column":15}},"18":{"start":{"line":29,"column":5},"end":{"line":29,"column":43}},"19":{"start":{"line":34,"column":0},"end":{"line":36,"column":1}},"20":{"start":{"line":35,"column":4},"end":{"line":35,"column":57}},"21":{"start":{"line":38,"column":0},"end":{"line":38,"column":38}}},"fnMap":{"0":{"name":"makepassword","decl":{"start":{"line":6,"column":9},"end":{"line":6,"column":21}},"loc":{"start":{"line":6,"column":61},"end":{"line":32,"column":1}},"line":6},"1":{"name":"hash","decl":{"start":{"line":9,"column":13},"end":{"line":9,"column":17}},"loc":{"start":{"line":9,"column":24},"end":{"line":16,"column":5}},"line":9}},"branchMap":{"0":{"loc":{"start":{"line":34,"column":0},"end":{"line":36,"column":1}},"type":"if","locations":[{"start":{"line":34,"column":0},"end":{"line":36,"column":1}},{"start":{},"end":{}}],"line":34}},"s":{"0":1,"1":1,"2":1,"3":1,"4":1,"5":1,"6":0,"7":1,"8":1,"9":1,"10":1,"11":1,"12":1,"13":1,"14":1,"15":1,"16":1,"17":1,"18":1,"19":1,"20":0,"21":1},"f":{"0":1,"1":1},"b":{"0":[0,1]},"_coverageSchema":"1a1c01bbd47fc00a2c39e90264f33305004495a9","hash":"405f85e7c0a12a50b8c7c80e0bd6f17c65c6c458"}
,"/Users/student/Downloads/HW8 2/references/passwordjs template/src/utility.js": {"path":"/Users/student/Downloads/HW8 2/references/passwordjs template/src/utility.js","statementMap":{"0":{"start":{"line":3,"column":11},"end":{"line":3,"column":24}},"1":{"start":{"line":4,"column":21},"end":{"line":4,"column":38}},"2":{"start":{"line":7,"column":4},"end":{"line":9,"column":5}},"3":{"start":{"line":8,"column":8},"end":{"line":8,"column":43}},"4":{"start":{"line":10,"column":4},"end":{"line":16,"column":5}},"5":{"start":{"line":11,"column":19},"end":{"line":11,"column":62}},"6":{"start":{"line":12,"column":25},"end":{"line":12,"column":41}},"7":{"start":{"line":13,"column":8},"end":{"line":13,"column":26}},"8":{"start":{"line":15,"column":8},"end":{"line":15,"column":24}},"9":{"start":{"line":20,"column":4},"end":{"line":25,"column":5}},"10":{"start":{"line":21,"column":18},"end":{"line":21,"column":31}},"11":{"start":{"line":22,"column":8},"end":{"line":22,"column":39}},"12":{"start":{"line":24,"column":8},"end":{"line":24,"column":24}},"13":{"start":{"line":29,"column":4},"end":{"line":29,"column":60}},"14":{"start":{"line":32,"column":0},"end":{"line":32,"column":45}}},"fnMap":{"0":{"name":"readFile","decl":{"start":{"line":6,"column":9},"end":{"line":6,"column":17}},"loc":{"start":{"line":6,"column":28},"end":{"line":17,"column":1}},"line":6},"1":{"name":"writeFile","decl":{"start":{"line":19,"column":9},"end":{"line":19,"column":18}},"loc":{"start":{"line":19,"column":33},"end":{"line":26,"column":1}},"line":19},"2":{"name":"hash","decl":{"start":{"line":28,"column":9},"end":{"line":28,"column":13}},"loc":{"start":{"line":28,"column":21},"end":{"line":30,"column":1}},"line":28}},"branchMap":{"0":{"loc":{"start":{"line":7,"column":4},"end":{"line":9,"column":5}},"type":"if","locations":[{"start":{"line":7,"column":4},"end":{"line":9,"column":5}},{"start":{},"end":{}}],"line":7}},"s":{"0":1,"1":1,"2":1,"3":0,"4":1,"5":1,"6":1,"7":1,"8":0,"9":1,"10":1,"11":1,"12":0,"13":0,"14":1},"f":{"0":1,"1":1,"2":0},"b":{"0":[0,1]},"_coverageSchema":"1a1c01bbd47fc00a2c39e90264f33305004495a9","hash":"16873fc3881f467e450b36ed56301d09240fd9c5"}
}
