TN:
SF:src/makepassword.js
FN:6,makepassword
FN:9,hash
FNF:2
FNH:2
FNDA:1,makepassword
FNDA:1,hash
DA:2,1
DA:3,1
DA:4,1
DA:7,1
DA:10,1
DA:11,1
DA:14,0
DA:17,1
DA:18,1
DA:19,1
DA:20,1
DA:21,1
DA:22,1
DA:24,1
DA:25,1
DA:26,1
DA:27,1
DA:29,1
DA:34,1
DA:35,0
DA:38,1
LF:21
LH:19
BRDA:34,0,0,0
BRDA:34,0,1,1
BRF:2
BRH:1
end_of_record
TN:
SF:src/utility.js
FN:6,readFile
FN:19,writeFile
FN:28,hash
FNF:3
FNH:2
FNDA:1,readFile
FNDA:1,writeFile
FNDA:0,hash
DA:3,1
DA:4,1
DA:7,1
DA:8,0
DA:10,1
DA:11,1
DA:12,1
DA:13,1
DA:15,0
DA:20,1
DA:21,1
DA:22,1
DA:24,0
DA:29,0
DA:32,1
LF:15
LH:11
BRDA:7,0,0,0
BRDA:7,0,1,1
BRF:2
BRH:1
end_of_record
